{"contracts/ERC20Factory.sol":{"l":{"23":7,"26":7,"31":7,"38":4,"43":5,"44":4,"49":2,"54":3,"55":2,"60":2,"62":1,"70":1,"73":1,"76":1,"79":1,"82":2,"85":2,"88":1},"path":"/home/ideofuzion/Blockchain/Task3-ERC20Factory/contracts/ERC20Factory.sol","s":{"1":7,"2":7,"3":7,"4":4,"5":5,"6":4,"7":2,"8":3,"9":2,"10":1,"11":1,"12":1,"13":1,"14":1,"15":2,"16":2,"17":1},"b":{"1":[4,1],"2":[2,1],"3":[1,1]},"f":{"1":7,"2":4,"3":5,"4":2,"5":3,"6":2,"7":1},"fnMap":{"1":{"name":"deployToken","line":20,"loc":{"start":{"line":20,"column":4},"end":{"line":34,"column":4}}},"2":{"name":"tokenAddresses","line":37,"loc":{"start":{"line":37,"column":4},"end":{"line":39,"column":4}}},"3":{"name":"setWhiteListed","line":42,"loc":{"start":{"line":42,"column":4},"end":{"line":45,"column":4}}},"4":{"name":"getWhiteListed","line":48,"loc":{"start":{"line":48,"column":4},"end":{"line":50,"column":4}}},"5":{"name":"onlyWhiteListed","line":53,"loc":{"start":{"line":53,"column":4},"end":{"line":56,"column":4}}},"6":{"name":"withdrawTokens","line":59,"loc":{"start":{"line":59,"column":4},"end":{"line":64,"column":4}}},"7":{"name":"balanceOfAll","line":67,"loc":{"start":{"line":67,"column":4},"end":{"line":89,"column":4}}}},"statementMap":{"1":{"start":{"line":23,"column":8},"end":{"line":23,"column":63}},"2":{"start":{"line":26,"column":8},"end":{"line":26,"column":32}},"3":{"start":{"line":31,"column":8},"end":{"line":31,"column":32}},"4":{"start":{"line":38,"column":8},"end":{"line":38,"column":25}},"5":{"start":{"line":43,"column":8},"end":{"line":43,"column":75}},"6":{"start":{"line":44,"column":7},"end":{"line":44,"column":35}},"7":{"start":{"line":49,"column":9},"end":{"line":49,"column":38}},"8":{"start":{"line":54,"column":8},"end":{"line":54,"column":65}},"9":{"start":{"line":60,"column":8},"end":{"line":60,"column":94}},"10":{"start":{"line":62,"column":8},"end":{"line":62,"column":49}},"11":{"start":{"line":70,"column":8},"end":{"line":70,"column":43}},"12":{"start":{"line":73,"column":8},"end":{"line":73,"column":62}},"13":{"start":{"line":76,"column":8},"end":{"line":76,"column":56}},"14":{"start":{"line":79,"column":8},"end":{"line":79,"column":3375}},"15":{"start":{"line":82,"column":12},"end":{"line":82,"column":45}},"16":{"start":{"line":85,"column":12},"end":{"line":85,"column":65}},"17":{"start":{"line":88,"column":8},"end":{"line":88,"column":31}}},"branchMap":{"1":{"line":43,"type":"if","locations":[{"start":{"line":43,"column":8},"end":{"line":43,"column":8}},{"start":{"line":43,"column":8},"end":{"line":43,"column":8}}]},"2":{"line":54,"type":"if","locations":[{"start":{"line":54,"column":8},"end":{"line":54,"column":8}},{"start":{"line":54,"column":8},"end":{"line":54,"column":8}}]},"3":{"line":60,"type":"if","locations":[{"start":{"line":60,"column":8},"end":{"line":60,"column":8}},{"start":{"line":60,"column":8},"end":{"line":60,"column":8}}]}}},"contracts/IERC20.sol":{"l":{},"path":"/home/ideofuzion/Blockchain/Task3-ERC20Factory/contracts/IERC20.sol","s":{},"b":{},"f":{},"fnMap":{},"statementMap":{},"branchMap":{}},"contracts/zem.sol":{"l":{"29":7,"30":7,"31":7,"32":7,"37":0,"42":3,"47":0,"54":1,"55":1,"56":1,"57":1,"63":0,"64":0,"65":0,"66":0,"67":0,"68":0,"69":0,"74":0,"75":0,"76":0,"81":7,"82":7,"83":7,"84":7},"path":"/home/ideofuzion/Blockchain/Task3-ERC20Factory/contracts/zem.sol","s":{"1":7,"2":7,"3":7,"4":7,"5":0,"6":3,"7":0,"8":1,"9":1,"10":1,"11":1,"12":0,"13":0,"14":0,"15":0,"16":0,"17":0,"18":0,"19":0,"20":0,"21":0,"22":7,"23":7,"24":7,"25":7},"b":{"1":[1,0],"2":[0,0],"3":[0,0],"4":[7,0]},"f":{"1":7,"2":0,"3":3,"4":0,"5":1,"6":0,"7":0,"8":7},"fnMap":{"1":{"name":"constructor","line":28,"loc":{"start":{"line":28,"column":4},"end":{"line":33,"column":4}}},"2":{"name":"totalSupply","line":36,"loc":{"start":{"line":36,"column":4},"end":{"line":38,"column":4}}},"3":{"name":"balanceOf","line":41,"loc":{"start":{"line":41,"column":4},"end":{"line":43,"column":4}}},"4":{"name":"allowance","line":46,"loc":{"start":{"line":46,"column":4},"end":{"line":48,"column":4}}},"5":{"name":"transfer","line":51,"loc":{"start":{"line":51,"column":4},"end":{"line":58,"column":4}}},"6":{"name":"transferFrom","line":61,"loc":{"start":{"line":61,"column":4},"end":{"line":70,"column":4}}},"7":{"name":"approve","line":73,"loc":{"start":{"line":73,"column":4},"end":{"line":77,"column":4}}},"8":{"name":"mint","line":80,"loc":{"start":{"line":80,"column":4},"end":{"line":85,"column":2}}}},"statementMap":{"1":{"start":{"line":29,"column":8},"end":{"line":29,"column":44}},"2":{"start":{"line":30,"column":8},"end":{"line":30,"column":24}},"3":{"start":{"line":31,"column":8},"end":{"line":31,"column":19}},"4":{"start":{"line":32,"column":8},"end":{"line":32,"column":26}},"5":{"start":{"line":37,"column":6},"end":{"line":37,"column":25}},"6":{"start":{"line":42,"column":8},"end":{"line":42,"column":32}},"7":{"start":{"line":47,"column":8},"end":{"line":47,"column":44}},"8":{"start":{"line":54,"column":8},"end":{"line":54,"column":112}},"9":{"start":{"line":55,"column":12},"end":{"line":55,"column":43}},"10":{"start":{"line":56,"column":12},"end":{"line":56,"column":36}},"11":{"start":{"line":57,"column":12},"end":{"line":57,"column":50}},"12":{"start":{"line":63,"column":8},"end":{"line":63,"column":93}},"13":{"start":{"line":64,"column":8},"end":{"line":64,"column":102}},"14":{"start":{"line":65,"column":8},"end":{"line":65,"column":34}},"15":{"start":{"line":66,"column":8},"end":{"line":66,"column":47}},"16":{"start":{"line":67,"column":8},"end":{"line":67,"column":32}},"17":{"start":{"line":68,"column":8},"end":{"line":68,"column":41}},"18":{"start":{"line":69,"column":8},"end":{"line":69,"column":19}},"19":{"start":{"line":74,"column":8},"end":{"line":74,"column":49}},"20":{"start":{"line":75,"column":8},"end":{"line":75,"column":51}},"21":{"start":{"line":76,"column":8},"end":{"line":76,"column":19}},"22":{"start":{"line":81,"column":8},"end":{"line":81,"column":35}},"23":{"start":{"line":82,"column":8},"end":{"line":82,"column":38}},"24":{"start":{"line":83,"column":8},"end":{"line":83,"column":52}},"25":{"start":{"line":84,"column":8},"end":{"line":84,"column":19}}},"branchMap":{"1":{"line":54,"type":"if","locations":[{"start":{"line":54,"column":8},"end":{"line":54,"column":8}},{"start":{"line":54,"column":8},"end":{"line":54,"column":8}}]},"2":{"line":63,"type":"if","locations":[{"start":{"line":63,"column":8},"end":{"line":63,"column":8}},{"start":{"line":63,"column":8},"end":{"line":63,"column":8}}]},"3":{"line":64,"type":"if","locations":[{"start":{"line":64,"column":8},"end":{"line":64,"column":8}},{"start":{"line":64,"column":8},"end":{"line":64,"column":8}}]},"4":{"line":81,"type":"if","locations":[{"start":{"line":81,"column":8},"end":{"line":81,"column":8}},{"start":{"line":81,"column":8},"end":{"line":81,"column":8}}]}}}}