{"contracts/zuzu.sol":{"l":{"43":27,"48":1,"53":12,"58":2,"65":5,"66":4,"67":4,"68":4,"69":4,"75":3,"76":2,"77":1,"78":1,"79":1,"80":1,"81":1,"86":1,"87":1,"88":1},"path":"/home/ideofuzion/Blockchain/Task2-CreateDeployToken/contracts/zuzu.sol","s":{"1":27,"2":1,"3":12,"4":2,"5":5,"6":4,"7":4,"8":4,"9":4,"10":3,"11":2,"12":1,"13":1,"14":1,"15":1,"16":1,"17":1,"18":1,"19":1},"b":{"1":[4,1],"2":[2,1],"3":[1,1]},"f":{"1":27,"2":1,"3":12,"4":2,"5":5,"6":3,"7":1},"fnMap":{"1":{"name":"constructor","line":42,"loc":{"start":{"line":42,"column":4},"end":{"line":44,"column":4}}},"2":{"name":"totalSupply","line":47,"loc":{"start":{"line":47,"column":4},"end":{"line":49,"column":4}}},"3":{"name":"balanceOf","line":52,"loc":{"start":{"line":52,"column":4},"end":{"line":54,"column":4}}},"4":{"name":"allowance","line":57,"loc":{"start":{"line":57,"column":4},"end":{"line":59,"column":4}}},"5":{"name":"transfer","line":62,"loc":{"start":{"line":62,"column":4},"end":{"line":70,"column":4}}},"6":{"name":"transferFrom","line":73,"loc":{"start":{"line":73,"column":4},"end":{"line":82,"column":4}}},"7":{"name":"approve","line":85,"loc":{"start":{"line":85,"column":4},"end":{"line":89,"column":4}}}},"statementMap":{"1":{"start":{"line":43,"column":8},"end":{"line":43,"column":44}},"2":{"start":{"line":48,"column":6},"end":{"line":48,"column":25}},"3":{"start":{"line":53,"column":8},"end":{"line":53,"column":32}},"4":{"start":{"line":58,"column":8},"end":{"line":58,"column":44}},"5":{"start":{"line":65,"column":8},"end":{"line":65,"column":112}},"6":{"start":{"line":66,"column":12},"end":{"line":66,"column":43}},"7":{"start":{"line":67,"column":12},"end":{"line":67,"column":36}},"8":{"start":{"line":68,"column":12},"end":{"line":68,"column":50}},"9":{"start":{"line":69,"column":12},"end":{"line":69,"column":23}},"10":{"start":{"line":75,"column":8},"end":{"line":75,"column":93}},"11":{"start":{"line":76,"column":8},"end":{"line":76,"column":102}},"12":{"start":{"line":77,"column":8},"end":{"line":77,"column":34}},"13":{"start":{"line":78,"column":8},"end":{"line":78,"column":47}},"14":{"start":{"line":79,"column":8},"end":{"line":79,"column":32}},"15":{"start":{"line":80,"column":8},"end":{"line":80,"column":41}},"16":{"start":{"line":81,"column":8},"end":{"line":81,"column":19}},"17":{"start":{"line":86,"column":8},"end":{"line":86,"column":49}},"18":{"start":{"line":87,"column":8},"end":{"line":87,"column":51}},"19":{"start":{"line":88,"column":8},"end":{"line":88,"column":19}}},"branchMap":{"1":{"line":65,"type":"if","locations":[{"start":{"line":65,"column":8},"end":{"line":65,"column":8}},{"start":{"line":65,"column":8},"end":{"line":65,"column":8}}]},"2":{"line":75,"type":"if","locations":[{"start":{"line":75,"column":8},"end":{"line":75,"column":8}},{"start":{"line":75,"column":8},"end":{"line":75,"column":8}}]},"3":{"line":76,"type":"if","locations":[{"start":{"line":76,"column":8},"end":{"line":76,"column":8}},{"start":{"line":76,"column":8},"end":{"line":76,"column":8}}]}}}}